Removed Pin From Net: NetName=TFT_CS Pin=P2-3
Removed Pin From Net: NetName=TFT_RST Pin=P2-4
Removed Pin From Net: NetName=TFT_DC Pin=P2-5
Removed Pin From Net: NetName=MOSI Pin=P2-6
Removed Pin From Net: NetName=SCK Pin=P2-7
Removed Pin From Net: NetName=MISO Pin=P2-9
Removed Pin From Net: NetName=SCK Pin=P2-10
Removed Pin From Net: NetName=TS_CS Pin=P2-11
Removed Pin From Net: NetName=MOSI Pin=P2-12
Removed Pin From Net: NetName=MISO Pin=P2-13
Removed Pin From Net: NetName=TS_IRQ Pin=P2-14
Removed Pin From Net: NetName=PMS_RX Pin=S5-7
Added Component: Designator=R9(RESC3216X70N)
Add component. Clean all parameters for all variants
Add component (AddParameter): Name = "Value"; Value = "N/A"; VariantName = "[No Variations]"
Added Component: Designator=R23(RESC3216X70N)
Add component. Clean all parameters for all variants
Add component (AddParameter): Name = "Value"; Value = "N/A"; VariantName = "[No Variations]"
Added Component: Designator=R24(RESC3216X70N)
Add component. Clean all parameters for all variants
Add component (AddParameter): Name = "Value"; Value = "N/A"; VariantName = "[No Variations]"
Added Component: Designator=R25(RESC3216X70N)
Add component. Clean all parameters for all variants
Add component (AddParameter): Name = "Value"; Value = "N/A"; VariantName = "[No Variations]"
Added Component: Designator=R26(RESC3216X70N)
Add component. Clean all parameters for all variants
Add component (AddParameter): Name = "Value"; Value = "N/A"; VariantName = "[No Variations]"
Added Component: Designator=R27(RESC3216X70N)
Add component. Clean all parameters for all variants
Add component (AddParameter): Name = "Value"; Value = "N/A"; VariantName = "[No Variations]"
Added Component: Designator=R28(RESC3216X70N)
Add component. Clean all parameters for all variants
Add component (AddParameter): Name = "Value"; Value = "N/A"; VariantName = "[No Variations]"
Added Component: Designator=R29(RESC3216X70N)
Add component. Clean all parameters for all variants
Add component (AddParameter): Name = "Value"; Value = "N/A"; VariantName = "[No Variations]"
Added Component: Designator=R30(RESC3216X70N)
Add component. Clean all parameters for all variants
Add component (AddParameter): Name = "Value"; Value = "N/A"; VariantName = "[No Variations]"
Added Component: Designator=R31(RESC3216X70N)
Add component. Clean all parameters for all variants
Add component (AddParameter): Name = "Value"; Value = "N/A"; VariantName = "[No Variations]"
Added Component: Designator=R32(RESC3216X70N)
Add component. Clean all parameters for all variants
Add component (AddParameter): Name = "Value"; Value = "N/A"; VariantName = "[No Variations]"
Added Component: Designator=R33(RESC3216X70N)
Add component. Clean all parameters for all variants
Add component (AddParameter): Name = "Value"; Value = "N/A"; VariantName = "[No Variations]"
Added Component: Designator=R34(RESC3216X70N)
Add component. Clean all parameters for all variants
Add component (AddParameter): Name = "Value"; Value = "N/A"; VariantName = "[No Variations]"
Added Component: Designator=R35(RESC3216X70N)
Add component. Clean all parameters for all variants
Add component (AddParameter): Name = "Value"; Value = "N/A"; VariantName = "[No Variations]"
Added Component: Designator=R36(RESC3216X70N)
Add component. Clean all parameters for all variants
Add component (AddParameter): Name = "Value"; Value = "N/A"; VariantName = "[No Variations]"
Added Component: Designator=R37(RESC3216X70N)
Add component. Clean all parameters for all variants
Add component (AddParameter): Name = "Value"; Value = "N/A"; VariantName = "[No Variations]"
Added Component: Designator=R38(RESC3216X70N)
Add component. Clean all parameters for all variants
Add component (AddParameter): Name = "Value"; Value = "N/A"; VariantName = "[No Variations]"
Added Component: Designator=R39(RESC3216X70N)
Add component. Clean all parameters for all variants
Add component (AddParameter): Name = "Value"; Value = "N/A"; VariantName = "[No Variations]"
Added Pin To Net: NetName=PMS_RX Pin=R9-1
Added Pin To Net: NetName=GND Pin=R23-2
Added Pin To Net: NetName=TFT_CS Pin=R24-1
Added Pin To Net: NetName=TFT_RST Pin=R25-1
Added Pin To Net: NetName=TFT_DC Pin=R26-1
Added Pin To Net: NetName=MOSI Pin=R27-1
Added Pin To Net: NetName=SCK Pin=R28-1
Added Pin To Net: NetName=MISO Pin=R29-1
Added Pin To Net: NetName=TS_CS Pin=R30-1
Added Pin To Net: NetName=TS_IRQ Pin=R31-1
Added Pin To Net: NetName=GND Pin=R32-2
Added Pin To Net: NetName=GND Pin=R33-2
Added Pin To Net: NetName=GND Pin=R34-2
Added Pin To Net: NetName=GND Pin=R35-2
Added Pin To Net: NetName=GND Pin=R36-2
Added Pin To Net: NetName=GND Pin=R37-2
Added Pin To Net: NetName=GND Pin=R38-2
Added Pin To Net: NetName=GND Pin=R39-2
Added Pin To Net: NetName=NetP2_3 Pin=P2-3
Added Pin To Net: NetName=NetP2_3 Pin=R24-2
Added Pin To Net: NetName=NetP2_3 Pin=R32-1
Added Net: Name=NetP2_3
Added Pin To Net: NetName=NetP2_4 Pin=P2-4
Added Pin To Net: NetName=NetP2_4 Pin=R25-2
Added Pin To Net: NetName=NetP2_4 Pin=R33-1
Added Net: Name=NetP2_4
Added Pin To Net: NetName=NetP2_5 Pin=P2-5
Added Pin To Net: NetName=NetP2_5 Pin=R26-2
Added Pin To Net: NetName=NetP2_5 Pin=R34-1
Added Net: Name=NetP2_5
Added Pin To Net: NetName=NetP2_6 Pin=P2-6
Added Pin To Net: NetName=NetP2_6 Pin=P2-12
Added Pin To Net: NetName=NetP2_6 Pin=R27-2
Added Pin To Net: NetName=NetP2_6 Pin=R35-1
Added Net: Name=NetP2_6
Added Pin To Net: NetName=NetP2_7 Pin=P2-7
Added Pin To Net: NetName=NetP2_7 Pin=P2-10
Added Pin To Net: NetName=NetP2_7 Pin=R28-2
Added Pin To Net: NetName=NetP2_7 Pin=R36-1
Added Net: Name=NetP2_7
Added Pin To Net: NetName=NetP2_9 Pin=P2-9
Added Pin To Net: NetName=NetP2_9 Pin=P2-13
Added Pin To Net: NetName=NetP2_9 Pin=R29-2
Added Pin To Net: NetName=NetP2_9 Pin=R37-1
Added Net: Name=NetP2_9
Added Pin To Net: NetName=NetP2_11 Pin=P2-11
Added Pin To Net: NetName=NetP2_11 Pin=R30-2
Added Pin To Net: NetName=NetP2_11 Pin=R38-1
Added Net: Name=NetP2_11
Added Pin To Net: NetName=NetP2_14 Pin=P2-14
Added Pin To Net: NetName=NetP2_14 Pin=R31-2
Added Pin To Net: NetName=NetP2_14 Pin=R39-1
Added Net: Name=NetP2_14
Added Pin To Net: NetName=NetR9_2 Pin=R9-2
Added Pin To Net: NetName=NetR9_2 Pin=R23-1
Added Pin To Net: NetName=NetR9_2 Pin=S5-7
Added Net: Name=NetR9_2
Added Member To Class: ClassName=Sensors & Display Member=Component R9 1K
Added Member To Class: ClassName=Sensors & Display Member=Component R23 2K
Added Member To Class: ClassName=Sensors & Display Member=Component R24 1K
Added Member To Class: ClassName=Sensors & Display Member=Component R25 1K
Added Member To Class: ClassName=Sensors & Display Member=Component R26 1K
Added Member To Class: ClassName=Sensors & Display Member=Component R27 1K
Added Member To Class: ClassName=Sensors & Display Member=Component R28 1K
Added Member To Class: ClassName=Sensors & Display Member=Component R29 1K
Added Member To Class: ClassName=Sensors & Display Member=Component R30 1K
Added Member To Class: ClassName=Sensors & Display Member=Component R31 1K
Added Member To Class: ClassName=Sensors & Display Member=Component R32 2K
Added Member To Class: ClassName=Sensors & Display Member=Component R33 2K
Added Member To Class: ClassName=Sensors & Display Member=Component R34 2K
Added Member To Class: ClassName=Sensors & Display Member=Component R35 2K
Added Member To Class: ClassName=Sensors & Display Member=Component R36 2K
Added Member To Class: ClassName=Sensors & Display Member=Component R37 2K
Added Member To Class: ClassName=Sensors & Display Member=Component R38 2K
Added Member To Class: ClassName=Sensors & Display Member=Component R39 2K
