Added Component: Designator=B1(BAT_18650)
Add component. Clean all parameters for all variants
Added Component: Designator=BZ1(BZ_12085)
Add component. Clean all parameters for all variants
Added Component: Designator=C1(CAP_0805)
Add component. Clean all parameters for all variants
Added Component: Designator=C2(CAP_1206)
Add component. Clean all parameters for all variants
Added Component: Designator=C3(CAP_1206)
Add component. Clean all parameters for all variants
Added Component: Designator=C4(CAP_0805)
Add component. Clean all parameters for all variants
Added Component: Designator=C5(CAP_0805)
Add component. Clean all parameters for all variants
Added Component: Designator=C6(CAP_0805)
Add component. Clean all parameters for all variants
Added Component: Designator=C7(CAP_0805)
Add component. Clean all parameters for all variants
Added Component: Designator=C8(CAP_0805)
Add component. Clean all parameters for all variants
Added Component: Designator=C9(CAP_0805)
Add component. Clean all parameters for all variants
Added Component: Designator=D1(SOD323)
Add component. Clean all parameters for all variants
Added Component: Designator=D2(LED_0805)
Add component. Clean all parameters for all variants
Added Component: Designator=D3(LED_0805)
Add component. Clean all parameters for all variants
Added Component: Designator=D4(LED_0805)
Add component. Clean all parameters for all variants
Added Component: Designator=D5(LED_0805)
Add component. Clean all parameters for all variants
Added Component: Designator=D6(LED_0805)
Add component. Clean all parameters for all variants
Added Component: Designator=D7(SOD323)
Add component. Clean all parameters for all variants
Added Component: Designator=J1(USB_Micro_TypeB)
Add component. Clean all parameters for all variants
Added Component: Designator=L1(IND_10x10)
Add component. Clean all parameters for all variants
Added Component: Designator=M1(SOT23_213)
Add component. Clean all parameters for all variants
Added Component: Designator=M2(SOT23_213)
Add component. Clean all parameters for all variants
Added Component: Designator=M3(SOT23_213)
Add component. Clean all parameters for all variants
Added Component: Designator=M4(SOT23_213)
Add component. Clean all parameters for all variants
Added Component: Designator=M5(SOT23_213)
Add component. Clean all parameters for all variants
Added Component: Designator=M6(SOT23_213)
Add component. Clean all parameters for all variants
Added Component: Designator=M7(SOT23_213)
Add component. Clean all parameters for all variants
Added Component: Designator=P1(HDR1X6)
Add component. Clean all parameters for all variants
Add component (AddParameter): Name = "LatestRevisionDate"; Value = "17-Jul-2002"; VariantName = "[No Variations]"
Add component (AddParameter): Name = "LatestRevisionNote"; Value = "Re-released for DXP Platform."; VariantName = "[No Variations]"
Add component (AddParameter): Name = "Publisher"; Value = "Altium Limited"; VariantName = "[No Variations]"
Added Component: Designator=P2(TFT_ILI9341)
Add component. Clean all parameters for all variants
Added Component: Designator=P3(DS3231 RTC)
Add component. Clean all parameters for all variants
Added Component: Designator=Q1(TSSOP65P640X120-8N)
Add component. Clean all parameters for all variants
Added Component: Designator=Q2(SOT23_213)
Add component. Clean all parameters for all variants
Added Component: Designator=R1(RESC3216X70N)
Add component. Clean all parameters for all variants
Add component (AddParameter): Name = "Value"; Value = "N/A"; VariantName = "[No Variations]"
Added Component: Designator=R2(RESC3216X70N)
Add component. Clean all parameters for all variants
Add component (AddParameter): Name = "Value"; Value = "N/A"; VariantName = "[No Variations]"
Added Component: Designator=R3(RESC3216X70N)
Add component. Clean all parameters for all variants
Add component (AddParameter): Name = "Value"; Value = "N/A"; VariantName = "[No Variations]"
Added Component: Designator=R4(RESC3216X70N)
Add component. Clean all parameters for all variants
Add component (AddParameter): Name = "Value"; Value = "N/A"; VariantName = "[No Variations]"
Added Component: Designator=R5(RESC3216X70N)
Add component. Clean all parameters for all variants
Add component (AddParameter): Name = "Value"; Value = "N/A"; VariantName = "[No Variations]"
Added Component: Designator=R6(RESC3216X70N)
Add component. Clean all parameters for all variants
Add component (AddParameter): Name = "Value"; Value = "N/A"; VariantName = "[No Variations]"
Added Component: Designator=R7(RESC3216X70N)
Add component. Clean all parameters for all variants
Add component (AddParameter): Name = "Value"; Value = "N/A"; VariantName = "[No Variations]"
Added Component: Designator=R8(RESC3216X70N)
Add component. Clean all parameters for all variants
Add component (AddParameter): Name = "Value"; Value = "N/A"; VariantName = "[No Variations]"
Added Component: Designator=R9(RESC3216X70N)
Add component. Clean all parameters for all variants
Add component (AddParameter): Name = "Value"; Value = "N/A"; VariantName = "[No Variations]"
Added Component: Designator=R10(RESC3216X70N)
Add component. Clean all parameters for all variants
Add component (AddParameter): Name = "Value"; Value = "N/A"; VariantName = "[No Variations]"
Added Component: Designator=R11(RESC3216X70N)
Add component. Clean all parameters for all variants
Add component (AddParameter): Name = "Value"; Value = "N/A"; VariantName = "[No Variations]"
Added Component: Designator=R12(RESC3216X70N)
Add component. Clean all parameters for all variants
Add component (AddParameter): Name = "Value"; Value = "N/A"; VariantName = "[No Variations]"
Added Component: Designator=R13(RESC3216X70N)
Add component. Clean all parameters for all variants
Add component (AddParameter): Name = "Value"; Value = "N/A"; VariantName = "[No Variations]"
Added Component: Designator=R14(RESC3216X70N)
Add component. Clean all parameters for all variants
Add component (AddParameter): Name = "Value"; Value = "N/A"; VariantName = "[No Variations]"
Added Component: Designator=R15(RESC3216X70N)
Add component. Clean all parameters for all variants
Add component (AddParameter): Name = "Value"; Value = "N/A"; VariantName = "[No Variations]"
Added Component: Designator=R16(RESC3216X70N)
Add component. Clean all parameters for all variants
Add component (AddParameter): Name = "Value"; Value = "N/A"; VariantName = "[No Variations]"
Added Component: Designator=R17(RESC3216X70N)
Add component. Clean all parameters for all variants
Add component (AddParameter): Name = "Value"; Value = "N/A"; VariantName = "[No Variations]"
Added Component: Designator=R18(RESC3216X70N)
Add component. Clean all parameters for all variants
Add component (AddParameter): Name = "Value"; Value = "N/A"; VariantName = "[No Variations]"
Added Component: Designator=R19(RESC3216X70N)
Add component. Clean all parameters for all variants
Add component (AddParameter): Name = "Value"; Value = "N/A"; VariantName = "[No Variations]"
Added Component: Designator=R20(RESC3216X70N)
Add component. Clean all parameters for all variants
Add component (AddParameter): Name = "Value"; Value = "N/A"; VariantName = "[No Variations]"
Added Component: Designator=R21(RESC3216X70N)
Add component. Clean all parameters for all variants
Add component (AddParameter): Name = "Value"; Value = "N/A"; VariantName = "[No Variations]"
Added Component: Designator=R22(RESC3216X70N)
Add component. Clean all parameters for all variants
Add component (AddParameter): Name = "Value"; Value = "N/A"; VariantName = "[No Variations]"
Added Component: Designator=S1(MP503 VOC Sensor)
Add component. Clean all parameters for all variants
Added Component: Designator=S2(MQ-131 Ozone Sensor)
Add component. Clean all parameters for all variants
Added Component: Designator=S3(MH-Z19B CO2 Sensor)
Add component. Clean all parameters for all variants
Added Component: Designator=S4(DHT22)
Add component. Clean all parameters for all variants
Added Component: Designator=S5(PMS7003)
Add component. Clean all parameters for all variants
Added Component: Designator=SW1(3P_header)
Add component. Clean all parameters for all variants
Added Component: Designator=SW2(Button_4x4x1.5)
Add component. Clean all parameters for all variants
Added Component: Designator=U1(SOT23-6)
Add component. Clean all parameters for all variants
Added Component: Designator=U2(SOT23-6)
Add component. Clean all parameters for all variants
Added Component: Designator=U3(SOIC127P600X175-8AN)
Add component. Clean all parameters for all variants
Added Component: Designator=U4(CH340G)
Add component. Clean all parameters for all variants
Added Component: Designator=U5(ATMEGA328P-AU)
Add component. Clean all parameters for all variants
Added Component: Designator=X1(XTAL_3.2x1.6)
Add component. Clean all parameters for all variants
Added Component: Designator=X2(XTAL_3.2x1.6)
Add component. Clean all parameters for all variants
Added Pin To Net: NetName=B+ Pin=B1-1
Added Pin To Net: NetName=B- Pin=B1-2
Added Pin To Net: NetName=5V Pin=BZ1-1
Added Pin To Net: NetName=NetBZ1_2 Pin=BZ1-2
Added Pin To Net: NetName=NetC1_1 Pin=C1-1
Added Pin To Net: NetName=B- Pin=C1-2
Added Pin To Net: NetName=B+ Pin=C2-1
Added Pin To Net: NetName=GND Pin=C2-2
Added Pin To Net: NetName=5V_PWR Pin=C3-1
Added Pin To Net: NetName=GND Pin=C3-2
Added Pin To Net: NetName=5V_USB Pin=C4-1
Added Pin To Net: NetName=GND Pin=C4-2
Added Pin To Net: NetName=5V Pin=C5-1
Added Pin To Net: NetName=GND Pin=C5-2
Added Pin To Net: NetName=3V3 Pin=C6-1
Added Pin To Net: NetName=GND Pin=C6-2
Added Pin To Net: NetName=DTR Pin=C7-1
Added Pin To Net: NetName=RST Pin=C7-2
Added Pin To Net: NetName=5V Pin=C8-1
Added Pin To Net: NetName=GND Pin=C8-2
Added Pin To Net: NetName=5V Pin=C9-1
Added Pin To Net: NetName=GND Pin=C9-2
Added Pin To Net: NetName=NetD1_A Pin=D1-A
Added Pin To Net: NetName=5V_PWR Pin=D1-K
Added Pin To Net: NetName=NetD2_A Pin=D2-A
Added Pin To Net: NetName=GND Pin=D2-K
Added Pin To Net: NetName=NetD3_A Pin=D3-A
Added Pin To Net: NetName=GND Pin=D3-K
Added Pin To Net: NetName=NetD4_A Pin=D4-A
Added Pin To Net: NetName=RXD Pin=D4-K
Added Pin To Net: NetName=NetD5_A Pin=D5-A
Added Pin To Net: NetName=TXD Pin=D5-K
Added Pin To Net: NetName=NetD6_A Pin=D6-A
Added Pin To Net: NetName=GND Pin=D6-K
Added Pin To Net: NetName=5V_USB Pin=D7-A
Added Pin To Net: NetName=5V Pin=D7-K
Added Pin To Net: NetName=5V_USB Pin=J1-1
Added Pin To Net: NetName=D- Pin=J1-2
Added Pin To Net: NetName=D+ Pin=J1-3
Added Pin To Net: NetName=GND Pin=J1-5
Added Pin To Net: NetName=B+ Pin=L1-1
Added Pin To Net: NetName=NetD1_A Pin=L1-2
Added Pin To Net: NetName=NetM1_1 Pin=M1-1
Added Pin To Net: NetName=B+ Pin=M1-2
Added Pin To Net: NetName=BAT Pin=M1-3
Added Pin To Net: NetName=EN Pin=M2-1
Added Pin To Net: NetName=GND Pin=M2-2
Added Pin To Net: NetName=NetM1_1 Pin=M2-3
Added Pin To Net: NetName=NetM3_1 Pin=M3-1
Added Pin To Net: NetName=5V_PWR Pin=M3-2
Added Pin To Net: NetName=5V Pin=M3-3
Added Pin To Net: NetName=NetM4_1 Pin=M4-1
Added Pin To Net: NetName=GND Pin=M4-2
Added Pin To Net: NetName=NetM3_1 Pin=M4-3
Added Pin To Net: NetName=5V_USB Pin=M5-1
Added Pin To Net: NetName=GND Pin=M5-2
Added Pin To Net: NetName=NetM4_1 Pin=M5-3
Added Pin To Net: NetName=VOC_EN Pin=M6-1
Added Pin To Net: NetName=GND Pin=M6-2
Added Pin To Net: NetName=NetM6_3 Pin=M6-3
Added Pin To Net: NetName=O3_EN Pin=M7-1
Added Pin To Net: NetName=GND Pin=M7-2
Added Pin To Net: NetName=NetM7_3 Pin=M7-3
Added Pin To Net: NetName=GND Pin=P1-1
Added Pin To Net: NetName=5V Pin=P1-2
Added Pin To Net: NetName=RST Pin=P1-3
Added Pin To Net: NetName=MOSI Pin=P1-4
Added Pin To Net: NetName=MISO Pin=P1-5
Added Pin To Net: NetName=SCK Pin=P1-6
Added Pin To Net: NetName=5V Pin=P2-1
Added Pin To Net: NetName=GND Pin=P2-2
Added Pin To Net: NetName=TFT_CS Pin=P2-3
Added Pin To Net: NetName=TFT_RST Pin=P2-4
Added Pin To Net: NetName=TFT_DC Pin=P2-5
Added Pin To Net: NetName=MOSI Pin=P2-6
Added Pin To Net: NetName=SCK Pin=P2-7
Added Pin To Net: NetName=5V Pin=P2-8
Added Pin To Net: NetName=MISO Pin=P2-9
Added Pin To Net: NetName=SCK Pin=P2-10
Added Pin To Net: NetName=TS_CS Pin=P2-11
Added Pin To Net: NetName=MOSI Pin=P2-12
Added Pin To Net: NetName=MISO Pin=P2-13
Added Pin To Net: NetName=TS_IRQ Pin=P2-14
Added Pin To Net: NetName=GND Pin=P3-7
Added Pin To Net: NetName=5V Pin=P3-8
Added Pin To Net: NetName=SDA Pin=P3-9
Added Pin To Net: NetName=SCL Pin=P3-10
Added Pin To Net: NetName=B- Pin=Q1-2
Added Pin To Net: NetName=B- Pin=Q1-3
Added Pin To Net: NetName=NetQ1_4 Pin=Q1-4
Added Pin To Net: NetName=NetQ1_5 Pin=Q1-5
Added Pin To Net: NetName=GND Pin=Q1-6
Added Pin To Net: NetName=GND Pin=Q1-7
Added Pin To Net: NetName=NetQ2_1 Pin=Q2-1
Added Pin To Net: NetName=GND Pin=Q2-2
Added Pin To Net: NetName=NetBZ1_2 Pin=Q2-3
Added Pin To Net: NetName=B+ Pin=R1-1
Added Pin To Net: NetName=NetC1_1 Pin=R1-2
Added Pin To Net: NetName=5V_PWR Pin=R2-1
Added Pin To Net: NetName=NetR2_2 Pin=R2-2
Added Pin To Net: NetName=NetR3_1 Pin=R3-1
Added Pin To Net: NetName=NetR2_2 Pin=R3-2
Added Pin To Net: NetName=NetR4_1 Pin=R4-1
Added Pin To Net: NetName=GND Pin=R4-2
Added Pin To Net: NetName=GND Pin=R5-1
Added Pin To Net: NetName=NetR3_1 Pin=R5-2
Added Pin To Net: NetName=B+ Pin=R6-1
Added Pin To Net: NetName=NetM1_1 Pin=R6-2
Added Pin To Net: NetName=NetR7_1 Pin=R7-1
Added Pin To Net: NetName=NetD2_A Pin=R7-2
Added Pin To Net: NetName=NetR8_1 Pin=R8-1
Added Pin To Net: NetName=NetD3_A Pin=R8-2
Added Pin To Net: NetName=EN Pin=R9-1
Added Pin To Net: NetName=GND Pin=R9-2
Added Pin To Net: NetName=NetR10_1 Pin=R10-1
Added Pin To Net: NetName=GND Pin=R10-2
Added Pin To Net: NetName=NetD4_A Pin=R11-1
Added Pin To Net: NetName=5V Pin=R11-2
Added Pin To Net: NetName=5V Pin=R12-1
Added Pin To Net: NetName=NetD5_A Pin=R12-2
Added Pin To Net: NetName=5V Pin=R13-1
Added Pin To Net: NetName=RST Pin=R13-2
Added Pin To Net: NetName=TXU Pin=R14-1
Added Pin To Net: NetName=RXD Pin=R14-2
Added Pin To Net: NetName=RXU Pin=R15-1
Added Pin To Net: NetName=TXD Pin=R15-2
Added Pin To Net: NetName=5V_USB Pin=R16-1
Added Pin To Net: NetName=NetD6_A Pin=R16-2
Added Pin To Net: NetName=5V_PWR Pin=R17-1
Added Pin To Net: NetName=NetM3_1 Pin=R17-2
Added Pin To Net: NetName=5V_PWR Pin=R18-1
Added Pin To Net: NetName=NetM4_1 Pin=R18-2
Added Pin To Net: NetName=BZ Pin=R19-1
Added Pin To Net: NetName=NetQ2_1 Pin=R19-2
Added Pin To Net: NetName=5V_USB Pin=R20-1
Added Pin To Net: NetName=GND Pin=R20-2
Added Pin To Net: NetName=VOC_IN Pin=R21-1
Added Pin To Net: NetName=GND Pin=R21-2
Added Pin To Net: NetName=O3_IN Pin=R22-1
Added Pin To Net: NetName=GND Pin=R22-2
Added Pin To Net: NetName=5V Pin=S1-1
Added Pin To Net: NetName=NetM6_3 Pin=S1-2
Added Pin To Net: NetName=5V Pin=S1-3
Added Pin To Net: NetName=VOC_IN Pin=S1-4
Added Pin To Net: NetName=5V Pin=S2-1
Added Pin To Net: NetName=5V Pin=S2-2
Added Pin To Net: NetName=5V Pin=S2-3
Added Pin To Net: NetName=O3_IN Pin=S2-4
Added Pin To Net: NetName=NetM7_3 Pin=S2-5
Added Pin To Net: NetName=O3_IN Pin=S2-6
Added Pin To Net: NetName=5V Pin=S3-2
Added Pin To Net: NetName=GND Pin=S3-4
Added Pin To Net: NetName=CO2 Pin=S3-8
Added Pin To Net: NetName=5V Pin=S4-1
Added Pin To Net: NetName=DHT Pin=S4-2
Added Pin To Net: NetName=GND Pin=S4-4
Added Pin To Net: NetName=5V Pin=S5-1
Added Pin To Net: NetName=5V Pin=S5-2
Added Pin To Net: NetName=GND Pin=S5-3
Added Pin To Net: NetName=GND Pin=S5-4
Added Pin To Net: NetName=PMS_RX Pin=S5-7
Added Pin To Net: NetName=PMS_TX Pin=S5-9
Added Pin To Net: NetName=GND Pin=SW1-1
Added Pin To Net: NetName=EN Pin=SW1-2
Added Pin To Net: NetName=B+ Pin=SW1-3
Added Pin To Net: NetName=RST Pin=SW2-1
Added Pin To Net: NetName=RST Pin=SW2-1
Added Pin To Net: NetName=GND Pin=SW2-2
Added Pin To Net: NetName=GND Pin=SW2-2
Added Pin To Net: NetName=NetQ1_4 Pin=U1-1
Added Pin To Net: NetName=NetR4_1 Pin=U1-2
Added Pin To Net: NetName=NetQ1_5 Pin=U1-3
Added Pin To Net: NetName=NetC1_1 Pin=U1-5
Added Pin To Net: NetName=B- Pin=U1-6
Added Pin To Net: NetName=NetD1_A Pin=U2-1
Added Pin To Net: NetName=GND Pin=U2-2
Added Pin To Net: NetName=NetR3_1 Pin=U2-3
Added Pin To Net: NetName=EN Pin=U2-4
Added Pin To Net: NetName=B+ Pin=U2-5
Added Pin To Net: NetName=GND Pin=U3-1
Added Pin To Net: NetName=NetR10_1 Pin=U3-2
Added Pin To Net: NetName=GND Pin=U3-3
Added Pin To Net: NetName=5V_USB Pin=U3-4
Added Pin To Net: NetName=B+ Pin=U3-5
Added Pin To Net: NetName=NetR8_1 Pin=U3-6
Added Pin To Net: NetName=NetR7_1 Pin=U3-7
Added Pin To Net: NetName=5V_USB Pin=U3-8
Added Pin To Net: NetName=GND Pin=U4-1
Added Pin To Net: NetName=TXU Pin=U4-2
Added Pin To Net: NetName=RXU Pin=U4-3
Added Pin To Net: NetName=3V3 Pin=U4-4
Added Pin To Net: NetName=D+ Pin=U4-5
Added Pin To Net: NetName=D- Pin=U4-6
Added Pin To Net: NetName=XI Pin=U4-7
Added Pin To Net: NetName=XO Pin=U4-8
Added Pin To Net: NetName=DTR Pin=U4-13
Added Pin To Net: NetName=5V Pin=U4-16
Added Pin To Net: NetName=PMS_TX Pin=U5-1
Added Pin To Net: NetName=PMS_RX Pin=U5-2
Added Pin To Net: NetName=GND Pin=U5-3
Added Pin To Net: NetName=5V Pin=U5-4
Added Pin To Net: NetName=GND Pin=U5-5
Added Pin To Net: NetName=5V Pin=U5-6
Added Pin To Net: NetName=XTAL2 Pin=U5-7
Added Pin To Net: NetName=XTAL1 Pin=U5-8
Added Pin To Net: NetName=CO2 Pin=U5-9
Added Pin To Net: NetName=BZ Pin=U5-10
Added Pin To Net: NetName=TS_CS Pin=U5-11
Added Pin To Net: NetName=TFT_RST Pin=U5-12
Added Pin To Net: NetName=TFT_DC Pin=U5-13
Added Pin To Net: NetName=TFT_CS Pin=U5-14
Added Pin To Net: NetName=MOSI Pin=U5-15
Added Pin To Net: NetName=MISO Pin=U5-16
Added Pin To Net: NetName=SCK Pin=U5-17
Added Pin To Net: NetName=5V Pin=U5-18
Added Pin To Net: NetName=BAT Pin=U5-19
Added Pin To Net: NetName=5V Pin=U5-20
Added Pin To Net: NetName=GND Pin=U5-21
Added Pin To Net: NetName=DHT Pin=U5-22
Added Pin To Net: NetName=O3_IN Pin=U5-23
Added Pin To Net: NetName=O3_EN Pin=U5-24
Added Pin To Net: NetName=VOC_IN Pin=U5-25
Added Pin To Net: NetName=VOC_EN Pin=U5-26
Added Pin To Net: NetName=SDA Pin=U5-27
Added Pin To Net: NetName=SCL Pin=U5-28
Added Pin To Net: NetName=RST Pin=U5-29
Added Pin To Net: NetName=RXD Pin=U5-30
Added Pin To Net: NetName=TXD Pin=U5-31
Added Pin To Net: NetName=TS_IRQ Pin=U5-32
Added Pin To Net: NetName=XI Pin=X1-1
Added Pin To Net: NetName=GND Pin=X1-2
Added Pin To Net: NetName=XO Pin=X1-3
Added Pin To Net: NetName=XTAL2 Pin=X2-1
Added Pin To Net: NetName=GND Pin=X2-2
Added Pin To Net: NetName=XTAL1 Pin=X2-3
Added Member To Class: ClassName=SCH_BMS Member=Component B1 18650
Added Member To Class: ClassName=SCH_System Member=Component BZ1 Buzzer
Added Member To Class: ClassName=SCH_BMS Member=Component C1 0.1uF
Added Member To Class: ClassName=SCH_BMS Member=Component C2 22uF
Added Member To Class: ClassName=SCH_BMS Member=Component C3 22uF
Added Member To Class: ClassName=SCH_BMS Member=Component C4 0.1uF
Added Member To Class: ClassName=SCH_System Member=Component C5 10uF
Added Member To Class: ClassName=SCH_System Member=Component C6 10nF
Added Member To Class: ClassName=SCH_System Member=Component C7 0.1uF
Added Member To Class: ClassName=SCH_System Member=Component C8 0.1uF
Added Member To Class: ClassName=SCH_System Member=Component C9 0.1uF
Added Member To Class: ClassName=SCH_BMS Member=Component D1 BAT60
Added Member To Class: ClassName=SCH_BMS Member=Component D2 LED_R
Added Member To Class: ClassName=SCH_BMS Member=Component D3 LED_G
Added Member To Class: ClassName=SCH_System Member=Component D4 LED_Y
Added Member To Class: ClassName=SCH_System Member=Component D5 LED_Y
Added Member To Class: ClassName=SCH_System Member=Component D6 LED_Y
Added Member To Class: ClassName=SCH_System Member=Component D7 BAT60
Added Member To Class: ClassName=SCH_System Member=Component J1 USB_Micro_TypeB
Added Member To Class: ClassName=SCH_BMS Member=Component L1 INDC_22uH
Added Member To Class: ClassName=SCH_BMS Member=Component M1 FDN304P
Added Member To Class: ClassName=SCH_BMS Member=Component M2 FDN335N
Added Member To Class: ClassName=SCH_System Member=Component M3 FDN304P
Added Member To Class: ClassName=SCH_System Member=Component M4 FDN335N
Added Member To Class: ClassName=SCH_System Member=Component M5 FDN335N
Added Member To Class: ClassName=SCH_Modules Member=Component M6 FDN335N
Added Member To Class: ClassName=SCH_Modules Member=Component M7 FDN335N
Added Member To Class: ClassName=SCH_System Member=Component P1 ISCP
Added Member To Class: ClassName=SCH_Modules Member=Component P2 TFT_ILI9341
Added Member To Class: ClassName=SCH_Modules Member=Component P3 RTC_DS3231
Added Member To Class: ClassName=SCH_BMS Member=Component Q1 FS8205A
Added Member To Class: ClassName=SCH_System Member=Component Q2 S8050_J3Y
Added Member To Class: ClassName=SCH_BMS Member=Component R1 100R
Added Member To Class: ClassName=SCH_BMS Member=Component R2 12K
Added Member To Class: ClassName=SCH_BMS Member=Component R3 2K7
Added Member To Class: ClassName=SCH_BMS Member=Component R4 1K
Added Member To Class: ClassName=SCH_BMS Member=Component R5 2K
Added Member To Class: ClassName=SCH_BMS Member=Component R6 10K
Added Member To Class: ClassName=SCH_BMS Member=Component R7 1K
Added Member To Class: ClassName=SCH_BMS Member=Component R8 1K
Added Member To Class: ClassName=SCH_BMS Member=Component R9 10K
Added Member To Class: ClassName=SCH_BMS Member=Component R10 1K2
Added Member To Class: ClassName=SCH_System Member=Component R11 470R
Added Member To Class: ClassName=SCH_System Member=Component R12 470R
Added Member To Class: ClassName=SCH_System Member=Component R13 10K
Added Member To Class: ClassName=SCH_System Member=Component R14 1K
Added Member To Class: ClassName=SCH_System Member=Component R15 1K
Added Member To Class: ClassName=SCH_System Member=Component R16 150R
Added Member To Class: ClassName=SCH_System Member=Component R17 10K
Added Member To Class: ClassName=SCH_System Member=Component R18 10K
Added Member To Class: ClassName=SCH_System Member=Component R19 3K3
Added Member To Class: ClassName=SCH_System Member=Component R20 10K
Added Member To Class: ClassName=SCH_Modules Member=Component R21 100K
Added Member To Class: ClassName=SCH_Modules Member=Component R22 100K
Added Member To Class: ClassName=SCH_Modules Member=Component S1 MP503
Added Member To Class: ClassName=SCH_Modules Member=Component S2 MQ-131
Added Member To Class: ClassName=SCH_Modules Member=Component S3 MH-Z19B
Added Member To Class: ClassName=SCH_Modules Member=Component S4 DHT22
Added Member To Class: ClassName=SCH_Modules Member=Component S5 PMS7003
Added Member To Class: ClassName=SCH_BMS Member=Component SW1 SW_THD_SPDT
Added Member To Class: ClassName=SCH_System Member=Component SW2 SW_Button
Added Member To Class: ClassName=SCH_BMS Member=Component U1 DW01
Added Member To Class: ClassName=SCH_BMS Member=Component U2 MT3608
Added Member To Class: ClassName=SCH_BMS Member=Component U3 TC4056A
Added Member To Class: ClassName=SCH_System Member=Component U4 CH340G
Added Member To Class: ClassName=SCH_System Member=Component U5 ATMEGA328P-AU
Added Member To Class: ClassName=SCH_System Member=Component X1 12MHz
Added Member To Class: ClassName=SCH_System Member=Component X2 16MHz
