Added Component: Designator=B1(BAT_18650)
Add component. Clean all parameters for all variants
Added Component: Designator=C1(CAP_0805)
Add component. Clean all parameters for all variants
Added Component: Designator=C2(CAP_1206)
Add component. Clean all parameters for all variants
Added Component: Designator=C3(CAP_1206)
Add component. Clean all parameters for all variants
Added Component: Designator=C4(CAP_0805)
Add component. Clean all parameters for all variants
Added Component: Designator=C5(CAP_0805)
Add component. Clean all parameters for all variants
Added Component: Designator=C6(CAP_0805)
Add component. Clean all parameters for all variants
Added Component: Designator=C7(CAP_0805)
Add component. Clean all parameters for all variants
Added Component: Designator=C8(CAP_0805)
Add component. Clean all parameters for all variants
Added Component: Designator=C9(CAP_0805)
Add component. Clean all parameters for all variants
Added Component: Designator=D1(SOD323)
Add component. Clean all parameters for all variants
Added Component: Designator=D2(LED_0805)
Add component. Clean all parameters for all variants
Added Component: Designator=D3(LED_0805)
Add component. Clean all parameters for all variants
Added Component: Designator=D4(LED_0805)
Add component. Clean all parameters for all variants
Added Component: Designator=D5(LED_0805)
Add component. Clean all parameters for all variants
Added Component: Designator=D6(LED_0805)
Add component. Clean all parameters for all variants
Added Component: Designator=D7(SOD323)
Add component. Clean all parameters for all variants
Added Component: Designator=J1(USB_Micro_TypeB)
Add component. Clean all parameters for all variants
Added Component: Designator=L1(IND_10x10)
Add component. Clean all parameters for all variants
Added Component: Designator=M1(SOT23_213)
Add component. Clean all parameters for all variants
Added Component: Designator=M2(SOT23_213)
Add component. Clean all parameters for all variants
Added Component: Designator=M3(SOT23_213)
Add component. Clean all parameters for all variants
Added Component: Designator=M4(SOT23_213)
Add component. Clean all parameters for all variants
Added Component: Designator=M5(SOT23_213)
Add component. Clean all parameters for all variants
Added Component: Designator=M6(SOT23_213)
Add component. Clean all parameters for all variants
Added Component: Designator=M7(SOT23_213)
Add component. Clean all parameters for all variants
Added Component: Designator=P1(HDR1X6)
Add component. Clean all parameters for all variants
Add component (AddParameter): Name = "LatestRevisionDate"; Value = "17-Jul-2002"; VariantName = "[No Variations]"
Add component (AddParameter): Name = "LatestRevisionNote"; Value = "Re-released for DXP Platform."; VariantName = "[No Variations]"
Add component (AddParameter): Name = "Publisher"; Value = "Altium Limited"; VariantName = "[No Variations]"
Added Component: Designator=P2(TFT_ILI9341)
Add component. Clean all parameters for all variants
Added Component: Designator=Q1(TSSOP65P640X120-8N)
Add component. Clean all parameters for all variants
Added Component: Designator=Q2(SOT23_213)
Add component. Clean all parameters for all variants
Added Component: Designator=R1(RESC3216X70N)
Add component. Clean all parameters for all variants
Add component (AddParameter): Name = "Value"; Value = "N/A"; VariantName = "[No Variations]"
Added Component: Designator=R2(RESC3216X70N)
Add component. Clean all parameters for all variants
Add component (AddParameter): Name = "Value"; Value = "N/A"; VariantName = "[No Variations]"
Added Component: Designator=R3(RESC3216X70N)
Add component. Clean all parameters for all variants
Add component (AddParameter): Name = "Value"; Value = "N/A"; VariantName = "[No Variations]"
Added Component: Designator=R4(RESC3216X70N)
Add component. Clean all parameters for all variants
Add component (AddParameter): Name = "Value"; Value = "N/A"; VariantName = "[No Variations]"
Added Component: Designator=R5(RESC3216X70N)
Add component. Clean all parameters for all variants
Add component (AddParameter): Name = "Value"; Value = "N/A"; VariantName = "[No Variations]"
Added Component: Designator=R6(RESC3216X70N)
Add component. Clean all parameters for all variants
Add component (AddParameter): Name = "Value"; Value = "N/A"; VariantName = "[No Variations]"
Added Component: Designator=R7(RESC3216X70N)
Add component. Clean all parameters for all variants
Add component (AddParameter): Name = "Value"; Value = "N/A"; VariantName = "[No Variations]"
Added Component: Designator=R8(RESC3216X70N)
Add component. Clean all parameters for all variants
Add component (AddParameter): Name = "Value"; Value = "N/A"; VariantName = "[No Variations]"
Added Component: Designator=R9(RESC3216X70N)
Add component. Clean all parameters for all variants
Add component (AddParameter): Name = "Value"; Value = "N/A"; VariantName = "[No Variations]"
Added Component: Designator=R10(RESC3216X70N)
Add component. Clean all parameters for all variants
Add component (AddParameter): Name = "Value"; Value = "N/A"; VariantName = "[No Variations]"
Added Component: Designator=R11(RESC3216X70N)
Add component. Clean all parameters for all variants
Add component (AddParameter): Name = "Value"; Value = "N/A"; VariantName = "[No Variations]"
Added Component: Designator=R12(RESC3216X70N)
Add component. Clean all parameters for all variants
Add component (AddParameter): Name = "Value"; Value = "N/A"; VariantName = "[No Variations]"
Added Component: Designator=R13(RESC3216X70N)
Add component. Clean all parameters for all variants
Add component (AddParameter): Name = "Value"; Value = "N/A"; VariantName = "[No Variations]"
Added Component: Designator=R14(RESC3216X70N)
Add component. Clean all parameters for all variants
Add component (AddParameter): Name = "Value"; Value = "N/A"; VariantName = "[No Variations]"
Added Component: Designator=R15(RESC3216X70N)
Add component. Clean all parameters for all variants
Add component (AddParameter): Name = "Value"; Value = "N/A"; VariantName = "[No Variations]"
Added Component: Designator=R16(RESC3216X70N)
Add component. Clean all parameters for all variants
Add component (AddParameter): Name = "Value"; Value = "N/A"; VariantName = "[No Variations]"
Added Component: Designator=R17(RESC3216X70N)
Add component. Clean all parameters for all variants
Add component (AddParameter): Name = "Value"; Value = "N/A"; VariantName = "[No Variations]"
Added Component: Designator=R18(RESC3216X70N)
Add component. Clean all parameters for all variants
Add component (AddParameter): Name = "Value"; Value = "N/A"; VariantName = "[No Variations]"
Added Component: Designator=R19(RESC3216X70N)
Add component. Clean all parameters for all variants
Add component (AddParameter): Name = "Value"; Value = "N/A"; VariantName = "[No Variations]"
Added Component: Designator=R20(RESC3216X70N)
Add component. Clean all parameters for all variants
Add component (AddParameter): Name = "Value"; Value = "N/A"; VariantName = "[No Variations]"
Added Component: Designator=R21(RESC3216X70N)
Add component. Clean all parameters for all variants
Add component (AddParameter): Name = "Value"; Value = "N/A"; VariantName = "[No Variations]"
Added Component: Designator=R22(RESC3216X70N)
Add component. Clean all parameters for all variants
Add component (AddParameter): Name = "Value"; Value = "N/A"; VariantName = "[No Variations]"
Added Component: Designator=S1(MP503 VOC Sensor)
Add component. Clean all parameters for all variants
Added Component: Designator=S2(MQ-131 Ozone Sensor)
Add component. Clean all parameters for all variants
Added Component: Designator=S3(MH-Z19B CO2 Sensor)
Add component. Clean all parameters for all variants
Added Component: Designator=S4(DHT22)
Add component. Clean all parameters for all variants
Added Component: Designator=S5(PMS7003)
Add component. Clean all parameters for all variants
Added Component: Designator=SW1(3P_header)
Add component. Clean all parameters for all variants
Added Component: Designator=SW2(Button_4x4x1.5)
Add component. Clean all parameters for all variants
Added Component: Designator=U1(SOT23-6)
Add component. Clean all parameters for all variants
Added Component: Designator=U2(SOT23-6)
Add component. Clean all parameters for all variants
Added Component: Designator=U3(SOIC127P600X175-8AN)
Add component. Clean all parameters for all variants
Added Component: Designator=U4(CH340G)
Add component. Clean all parameters for all variants
Added Component: Designator=U5(ATMEGA328P-AU)
Add component. Clean all parameters for all variants
Added Component: Designator=X1(XTAL_3.2x1.6)
Add component. Clean all parameters for all variants
Added Component: Designator=X2(XTAL_3.2x1.6)
Add component. Clean all parameters for all variants
Added Pin To Net: NetName=3V3 Pin=C6-1
Added Pin To Net: NetName=3V3 Pin=U4-4
Added Net: Name=3V3
Added Pin To Net: NetName=5V_PWR Pin=C3-1
Added Pin To Net: NetName=5V_PWR Pin=D1-K
Added Pin To Net: NetName=5V_PWR Pin=M3-2
Added Pin To Net: NetName=5V_PWR Pin=R2-1
Added Pin To Net: NetName=5V_PWR Pin=R17-1
Added Pin To Net: NetName=5V_PWR Pin=R18-1
Added Net: Name=5V_PWR
Added Pin To Net: NetName=5V_USB Pin=C4-1
Added Pin To Net: NetName=5V_USB Pin=D7-A
Added Pin To Net: NetName=5V_USB Pin=J1-1
Added Pin To Net: NetName=5V_USB Pin=M5-1
Added Pin To Net: NetName=5V_USB Pin=R16-1
Added Pin To Net: NetName=5V_USB Pin=R20-1
Added Pin To Net: NetName=5V_USB Pin=U3-4
Added Pin To Net: NetName=5V_USB Pin=U3-8
Added Net: Name=5V_USB
Added Pin To Net: NetName=5V Pin=C5-1
Added Pin To Net: NetName=5V Pin=C8-1
Added Pin To Net: NetName=5V Pin=C9-1
Added Pin To Net: NetName=5V Pin=D7-K
Added Pin To Net: NetName=5V Pin=M3-3
Added Pin To Net: NetName=5V Pin=P1-2
Added Pin To Net: NetName=5V Pin=P2-1
Added Pin To Net: NetName=5V Pin=P2-8
Added Pin To Net: NetName=5V Pin=R11-2
Added Pin To Net: NetName=5V Pin=R12-1
Added Pin To Net: NetName=5V Pin=R13-1
Added Pin To Net: NetName=5V Pin=S1-1
Added Pin To Net: NetName=5V Pin=S1-3
Added Pin To Net: NetName=5V Pin=S2-1
Added Pin To Net: NetName=5V Pin=S2-2
Added Pin To Net: NetName=5V Pin=S2-3
Added Pin To Net: NetName=5V Pin=S4-1
Added Pin To Net: NetName=5V Pin=S5-1
Added Pin To Net: NetName=5V Pin=S5-2
Added Pin To Net: NetName=5V Pin=U4-16
Added Pin To Net: NetName=5V Pin=U5-4
Added Pin To Net: NetName=5V Pin=U5-6
Added Pin To Net: NetName=5V Pin=U5-18
Added Pin To Net: NetName=5V Pin=U5-20
Added Net: Name=5V
Added Pin To Net: NetName=B+ Pin=B1-1
Added Pin To Net: NetName=B+ Pin=C2-1
Added Pin To Net: NetName=B+ Pin=L1-1
Added Pin To Net: NetName=B+ Pin=M1-2
Added Pin To Net: NetName=B+ Pin=R1-1
Added Pin To Net: NetName=B+ Pin=R6-1
Added Pin To Net: NetName=B+ Pin=SW1-3
Added Pin To Net: NetName=B+ Pin=U2-5
Added Pin To Net: NetName=B+ Pin=U3-5
Added Net: Name=B+
Added Pin To Net: NetName=B- Pin=B1-2
Added Pin To Net: NetName=B- Pin=C1-2
Added Pin To Net: NetName=B- Pin=Q1-2
Added Pin To Net: NetName=B- Pin=Q1-3
Added Pin To Net: NetName=B- Pin=U1-6
Added Net: Name=B-
Added Pin To Net: NetName=BAT Pin=M1-3
Added Pin To Net: NetName=BAT Pin=U5-19
Added Net: Name=BAT
Added Pin To Net: NetName=BZ Pin=R19-1
Added Pin To Net: NetName=BZ Pin=U5-10
Added Net: Name=BZ
Added Pin To Net: NetName=CO2 Pin=U5-9
Added Net: Name=CO2
Added Pin To Net: NetName=D+ Pin=J1-3
Added Pin To Net: NetName=D+ Pin=U4-5
Added Net: Name=D+
Added Pin To Net: NetName=D- Pin=J1-2
Added Pin To Net: NetName=D- Pin=U4-6
Added Net: Name=D-
Added Pin To Net: NetName=DHT Pin=S4-2
Added Pin To Net: NetName=DHT Pin=U5-22
Added Net: Name=DHT
Added Pin To Net: NetName=DTR Pin=C7-1
Added Pin To Net: NetName=DTR Pin=U4-13
Added Net: Name=DTR
Added Pin To Net: NetName=EN Pin=M2-1
Added Pin To Net: NetName=EN Pin=R9-1
Added Pin To Net: NetName=EN Pin=SW1-2
Added Pin To Net: NetName=EN Pin=U2-4
Added Net: Name=EN
Added Pin To Net: NetName=GND Pin=C2-2
Added Pin To Net: NetName=GND Pin=C3-2
Added Pin To Net: NetName=GND Pin=C4-2
Added Pin To Net: NetName=GND Pin=C5-2
Added Pin To Net: NetName=GND Pin=C6-2
Added Pin To Net: NetName=GND Pin=C8-2
Added Pin To Net: NetName=GND Pin=C9-2
Added Pin To Net: NetName=GND Pin=D2-K
Added Pin To Net: NetName=GND Pin=D3-K
Added Pin To Net: NetName=GND Pin=D6-K
Added Pin To Net: NetName=GND Pin=J1-5
Added Pin To Net: NetName=GND Pin=M2-2
Added Pin To Net: NetName=GND Pin=M4-2
Added Pin To Net: NetName=GND Pin=M5-2
Added Pin To Net: NetName=GND Pin=M6-2
Added Pin To Net: NetName=GND Pin=M7-2
Added Pin To Net: NetName=GND Pin=P1-1
Added Pin To Net: NetName=GND Pin=P2-2
Added Pin To Net: NetName=GND Pin=Q1-6
Added Pin To Net: NetName=GND Pin=Q1-7
Added Pin To Net: NetName=GND Pin=Q2-2
Added Pin To Net: NetName=GND Pin=R4-2
Added Pin To Net: NetName=GND Pin=R5-1
Added Pin To Net: NetName=GND Pin=R9-2
Added Pin To Net: NetName=GND Pin=R10-2
Added Pin To Net: NetName=GND Pin=R20-2
Added Pin To Net: NetName=GND Pin=R21-2
Added Pin To Net: NetName=GND Pin=R22-2
Added Pin To Net: NetName=GND Pin=S4-4
Added Pin To Net: NetName=GND Pin=S5-3
Added Pin To Net: NetName=GND Pin=S5-4
Added Pin To Net: NetName=GND Pin=SW1-1
Added Pin To Net: NetName=GND Pin=SW2-2
Added Pin To Net: NetName=GND Pin=SW2-2
Added Pin To Net: NetName=GND Pin=U2-2
Added Pin To Net: NetName=GND Pin=U3-1
Added Pin To Net: NetName=GND Pin=U3-3
Added Pin To Net: NetName=GND Pin=U4-1
Added Pin To Net: NetName=GND Pin=U5-3
Added Pin To Net: NetName=GND Pin=U5-5
Added Pin To Net: NetName=GND Pin=U5-21
Added Pin To Net: NetName=GND Pin=X1-2
Added Pin To Net: NetName=GND Pin=X2-2
Added Net: Name=GND
Added Pin To Net: NetName=MISO Pin=P1-5
Added Pin To Net: NetName=MISO Pin=P2-9
Added Pin To Net: NetName=MISO Pin=P2-13
Added Pin To Net: NetName=MISO Pin=U5-16
Added Net: Name=MISO
Added Pin To Net: NetName=MOSI Pin=P1-4
Added Pin To Net: NetName=MOSI Pin=P2-6
Added Pin To Net: NetName=MOSI Pin=P2-12
Added Pin To Net: NetName=MOSI Pin=U5-15
Added Net: Name=MOSI
Added Pin To Net: NetName=NetBZ1_2 Pin=Q2-3
Added Net: Name=NetBZ1_2
Added Pin To Net: NetName=NetC1_1 Pin=C1-1
Added Pin To Net: NetName=NetC1_1 Pin=R1-2
Added Pin To Net: NetName=NetC1_1 Pin=U1-5
Added Net: Name=NetC1_1
Added Pin To Net: NetName=NetD1_A Pin=D1-A
Added Pin To Net: NetName=NetD1_A Pin=L1-2
Added Pin To Net: NetName=NetD1_A Pin=U2-1
Added Net: Name=NetD1_A
Added Pin To Net: NetName=NetD2_A Pin=D2-A
Added Pin To Net: NetName=NetD2_A Pin=R7-2
Added Net: Name=NetD2_A
Added Pin To Net: NetName=NetD3_A Pin=D3-A
Added Pin To Net: NetName=NetD3_A Pin=R8-2
Added Net: Name=NetD3_A
Added Pin To Net: NetName=NetD4_A Pin=D4-A
Added Pin To Net: NetName=NetD4_A Pin=R11-1
Added Net: Name=NetD4_A
Added Pin To Net: NetName=NetD5_A Pin=D5-A
Added Pin To Net: NetName=NetD5_A Pin=R12-2
Added Net: Name=NetD5_A
Added Pin To Net: NetName=NetD6_A Pin=D6-A
Added Pin To Net: NetName=NetD6_A Pin=R16-2
Added Net: Name=NetD6_A
Added Pin To Net: NetName=NetM1_1 Pin=M1-1
Added Pin To Net: NetName=NetM1_1 Pin=M2-3
Added Pin To Net: NetName=NetM1_1 Pin=R6-2
Added Net: Name=NetM1_1
Added Pin To Net: NetName=NetM3_1 Pin=M3-1
Added Pin To Net: NetName=NetM3_1 Pin=M4-3
Added Pin To Net: NetName=NetM3_1 Pin=R17-2
Added Net: Name=NetM3_1
Added Pin To Net: NetName=NetM4_1 Pin=M4-1
Added Pin To Net: NetName=NetM4_1 Pin=M5-3
Added Pin To Net: NetName=NetM4_1 Pin=R18-2
Added Net: Name=NetM4_1
Added Pin To Net: NetName=NetM6_3 Pin=M6-3
Added Pin To Net: NetName=NetM6_3 Pin=S1-2
Added Net: Name=NetM6_3
Added Pin To Net: NetName=NetM7_3 Pin=M7-3
Added Pin To Net: NetName=NetM7_3 Pin=S2-5
Added Net: Name=NetM7_3
Added Pin To Net: NetName=NetQ1_4 Pin=Q1-4
Added Pin To Net: NetName=NetQ1_4 Pin=U1-1
Added Net: Name=NetQ1_4
Added Pin To Net: NetName=NetQ1_5 Pin=Q1-5
Added Pin To Net: NetName=NetQ1_5 Pin=U1-3
Added Net: Name=NetQ1_5
Added Pin To Net: NetName=NetQ2_1 Pin=Q2-1
Added Pin To Net: NetName=NetQ2_1 Pin=R19-2
Added Net: Name=NetQ2_1
Added Pin To Net: NetName=NetR2_2 Pin=R2-2
Added Pin To Net: NetName=NetR2_2 Pin=R3-2
Added Net: Name=NetR2_2
Added Pin To Net: NetName=NetR3_1 Pin=R3-1
Added Pin To Net: NetName=NetR3_1 Pin=R5-2
Added Pin To Net: NetName=NetR3_1 Pin=U2-3
Added Net: Name=NetR3_1
Added Pin To Net: NetName=NetR4_1 Pin=R4-1
Added Pin To Net: NetName=NetR4_1 Pin=U1-2
Added Net: Name=NetR4_1
Added Pin To Net: NetName=NetR7_1 Pin=R7-1
Added Pin To Net: NetName=NetR7_1 Pin=U3-7
Added Net: Name=NetR7_1
Added Pin To Net: NetName=NetR8_1 Pin=R8-1
Added Pin To Net: NetName=NetR8_1 Pin=U3-6
Added Net: Name=NetR8_1
Added Pin To Net: NetName=NetR10_1 Pin=R10-1
Added Pin To Net: NetName=NetR10_1 Pin=U3-2
Added Net: Name=NetR10_1
Added Pin To Net: NetName=O3_EN Pin=M7-1
Added Pin To Net: NetName=O3_EN Pin=U5-24
Added Net: Name=O3_EN
Added Pin To Net: NetName=O3_IN Pin=R22-1
Added Pin To Net: NetName=O3_IN Pin=S2-4
Added Pin To Net: NetName=O3_IN Pin=S2-6
Added Pin To Net: NetName=O3_IN Pin=U5-23
Added Net: Name=O3_IN
Added Pin To Net: NetName=PMS_RX Pin=S5-7
Added Pin To Net: NetName=PMS_RX Pin=U5-2
Added Net: Name=PMS_RX
Added Pin To Net: NetName=PMS_TX Pin=S5-9
Added Pin To Net: NetName=PMS_TX Pin=U5-1
Added Net: Name=PMS_TX
Added Pin To Net: NetName=RST Pin=C7-2
Added Pin To Net: NetName=RST Pin=P1-3
Added Pin To Net: NetName=RST Pin=R13-2
Added Pin To Net: NetName=RST Pin=SW2-1
Added Pin To Net: NetName=RST Pin=SW2-1
Added Pin To Net: NetName=RST Pin=U5-29
Added Net: Name=RST
Added Pin To Net: NetName=RXD Pin=D4-K
Added Pin To Net: NetName=RXD Pin=R14-2
Added Pin To Net: NetName=RXD Pin=U5-30
Added Net: Name=RXD
Added Pin To Net: NetName=RXU Pin=R15-1
Added Pin To Net: NetName=RXU Pin=U4-3
Added Net: Name=RXU
Added Pin To Net: NetName=SCK Pin=P1-6
Added Pin To Net: NetName=SCK Pin=P2-7
Added Pin To Net: NetName=SCK Pin=P2-10
Added Pin To Net: NetName=SCK Pin=U5-17
Added Net: Name=SCK
Added Pin To Net: NetName=SCL Pin=U5-28
Added Net: Name=SCL
Added Pin To Net: NetName=SDA Pin=U5-27
Added Net: Name=SDA
Added Pin To Net: NetName=TFT_CS Pin=P2-3
Added Pin To Net: NetName=TFT_CS Pin=U5-14
Added Net: Name=TFT_CS
Added Pin To Net: NetName=TFT_DC Pin=P2-5
Added Pin To Net: NetName=TFT_DC Pin=U5-13
Added Net: Name=TFT_DC
Added Pin To Net: NetName=TFT_RST Pin=P2-4
Added Pin To Net: NetName=TFT_RST Pin=U5-12
Added Net: Name=TFT_RST
Added Pin To Net: NetName=TS_CS Pin=P2-11
Added Pin To Net: NetName=TS_CS Pin=U5-11
Added Net: Name=TS_CS
Added Pin To Net: NetName=TS_IRQ Pin=P2-14
Added Pin To Net: NetName=TS_IRQ Pin=U5-32
Added Net: Name=TS_IRQ
Added Pin To Net: NetName=TXD Pin=D5-K
Added Pin To Net: NetName=TXD Pin=R15-2
Added Pin To Net: NetName=TXD Pin=U5-31
Added Net: Name=TXD
Added Pin To Net: NetName=TXU Pin=R14-1
Added Pin To Net: NetName=TXU Pin=U4-2
Added Net: Name=TXU
Added Pin To Net: NetName=VOC_EN Pin=M6-1
Added Pin To Net: NetName=VOC_EN Pin=U5-26
Added Net: Name=VOC_EN
Added Pin To Net: NetName=VOC_IN Pin=R21-1
Added Pin To Net: NetName=VOC_IN Pin=S1-4
Added Pin To Net: NetName=VOC_IN Pin=U5-25
Added Net: Name=VOC_IN
Added Pin To Net: NetName=XI Pin=U4-7
Added Pin To Net: NetName=XI Pin=X1-1
Added Net: Name=XI
Added Pin To Net: NetName=XO Pin=U4-8
Added Pin To Net: NetName=XO Pin=X1-3
Added Net: Name=XO
Added Pin To Net: NetName=XTAL1 Pin=U5-8
Added Pin To Net: NetName=XTAL1 Pin=X2-3
Added Net: Name=XTAL1
Added Pin To Net: NetName=XTAL2 Pin=U5-7
Added Pin To Net: NetName=XTAL2 Pin=X2-1
Added Net: Name=XTAL2
Added Class: Name=SCH_BMS
Added Class: Name=SCH_Modules
Added Class: Name=SCH_System
Added Room: Name=SCH_BMS
Added Room: Name=SCH_Modules
Added Room: Name=SCH_System
